0 info it worked if it ends with ok
1 verbose cli [ '/usr/local/bin/node', '/usr/local/bin/npm', 'publish' ]
2 info using npm@2.15.5
3 info using node@v6.4.0
4 verbose publish [ '.' ]
5 silly cache add args [ '.', null ]
6 verbose cache add spec .
7 silly cache add parsed spec Result {
7 silly cache add   raw: '.',
7 silly cache add   scope: null,
7 silly cache add   name: null,
7 silly cache add   rawSpec: '.',
7 silly cache add   spec: '/Users/wangsiyuan/Works/css-parse',
7 silly cache add   type: 'directory' }
8 verbose addLocalDirectory /Users/wangsiyuan/.npm/react-native-css-parse/0.1.6/package.tgz not in flight; packing
9 verbose correctMkdir /Users/wangsiyuan/.npm correctMkdir not in flight; initializing
10 verbose tar pack [ '/Users/wangsiyuan/.npm/react-native-css-parse/0.1.6/package.tgz',
10 verbose tar pack   '/Users/wangsiyuan/Works/css-parse' ]
11 verbose tarball /Users/wangsiyuan/.npm/react-native-css-parse/0.1.6/package.tgz
12 verbose folder /Users/wangsiyuan/Works/css-parse
13 info prepublish react-native-css-parse@0.1.6
14 verbose addLocalTarball adding from inside cache /Users/wangsiyuan/.npm/react-native-css-parse/0.1.6/package.tgz
15 verbose correctMkdir /Users/wangsiyuan/.npm correctMkdir not in flight; initializing
16 silly cache afterAdd react-native-css-parse@0.1.6
17 verbose afterAdd /Users/wangsiyuan/.npm/react-native-css-parse/0.1.6/package/package.json not in flight; writing
18 verbose correctMkdir /Users/wangsiyuan/.npm correctMkdir not in flight; initializing
19 verbose afterAdd /Users/wangsiyuan/.npm/react-native-css-parse/0.1.6/package/package.json written
20 silly publish { name: 'react-native-css-parse',
20 silly publish   version: '0.1.6',
20 silly publish   description: 'css parser for react-native',
20 silly publish   main: '/bin/index.js',
20 silly publish   scripts: { test: 'mocha' },
20 silly publish   keywords: [ 'css', 'parse', 'sass', 'react-native' ],
20 silly publish   author: { name: 'wangsiyuan' },
20 silly publish   license: 'MIT',
20 silly publish   dependencies: { 'css-parse': '^2.0.0' },
20 silly publish   devDependencies: { chai: '^3.5.0', mocha: '^3.2.0' },
20 silly publish   readme: '# react-native-css-parse\n> 将普通的 css 文件编译为 react-native 的stylesheet\n\n# 有待改进\n\n[] 具备输入匹配功能，自动识别路径下的 .css 文件，并编译为相应的 .js 文件；\n',
20 silly publish   readmeFilename: 'README.md',
20 silly publish   gitHead: 'a3e692d1d9cd0e89758fc8eef9f8b31d61d7b229',
20 silly publish   _id: 'react-native-css-parse@0.1.6',
20 silly publish   _shasum: 'bdcb2f86bed91bbde604c6a38301fa3af1ca8ee2',
20 silly publish   _from: '.' }
21 verbose getPublishConfig undefined
22 silly mapToRegistry name react-native-css-parse
23 silly mapToRegistry using default registry
24 silly mapToRegistry registry https://registry.npmjs.org/
25 silly mapToRegistry data Result {
25 silly mapToRegistry   raw: 'react-native-css-parse',
25 silly mapToRegistry   scope: null,
25 silly mapToRegistry   name: 'react-native-css-parse',
25 silly mapToRegistry   rawSpec: '',
25 silly mapToRegistry   spec: 'latest',
25 silly mapToRegistry   type: 'tag' }
26 silly mapToRegistry uri https://registry.npmjs.org/react-native-css-parse
27 verbose publish registryBase https://registry.npmjs.org/
28 silly publish uploading /Users/wangsiyuan/.npm/react-native-css-parse/0.1.6/package.tgz
29 verbose request uri https://registry.npmjs.org/react-native-css-parse
30 verbose request sending authorization for write operation
31 info attempt registry request try #1 at 3:57:56 PM
32 verbose request using bearer token for auth
33 verbose request id 8fe620d2c2a06c76
34 http request PUT https://registry.npmjs.org/react-native-css-parse
35 http 403 https://registry.npmjs.org/react-native-css-parse
36 verbose headers { 'content-type': 'application/json',
36 verbose headers   'cache-control': 'max-age=300',
36 verbose headers   'content-length': '95',
36 verbose headers   'accept-ranges': 'bytes',
36 verbose headers   date: 'Tue, 28 Feb 2017 07:57:57 GMT',
36 verbose headers   via: '1.1 varnish',
36 verbose headers   connection: 'keep-alive',
36 verbose headers   'x-served-by': 'cache-nrt6125-NRT',
36 verbose headers   'x-cache': 'MISS',
36 verbose headers   'x-cache-hits': '0',
36 verbose headers   'x-timer': 'S1488268676.976521,VS0,VE565',
36 verbose headers   vary: 'Accept-Encoding' }
37 verbose request invalidating /Users/wangsiyuan/.npm/registry.npmjs.org/react-native-css-parse on PUT
38 error publish Failed PUT 403
39 verbose stack Error: "You cannot publish over the previously published version 0.1.6." : react-native-css-parse
39 verbose stack     at makeError (/usr/local/lib/node_modules/npm/node_modules/npm-registry-client/lib/request.js:264:12)
39 verbose stack     at CachingRegistryClient.<anonymous> (/usr/local/lib/node_modules/npm/node_modules/npm-registry-client/lib/request.js:252:14)
39 verbose stack     at Request._callback (/usr/local/lib/node_modules/npm/node_modules/npm-registry-client/lib/request.js:172:14)
39 verbose stack     at Request.self.callback (/usr/local/lib/node_modules/npm/node_modules/request/request.js:200:22)
39 verbose stack     at emitTwo (events.js:106:13)
39 verbose stack     at Request.emit (events.js:191:7)
39 verbose stack     at Request.<anonymous> (/usr/local/lib/node_modules/npm/node_modules/request/request.js:1067:10)
39 verbose stack     at emitOne (events.js:101:20)
39 verbose stack     at Request.emit (events.js:188:7)
39 verbose stack     at IncomingMessage.<anonymous> (/usr/local/lib/node_modules/npm/node_modules/request/request.js:988:12)
40 verbose statusCode 403
41 verbose pkgid react-native-css-parse
42 verbose cwd /Users/wangsiyuan/Works/css-parse
43 error Darwin 15.6.0
44 error argv "/usr/local/bin/node" "/usr/local/bin/npm" "publish"
45 error node v6.4.0
46 error npm  v2.15.5
47 error code E403
48 error "You cannot publish over the previously published version 0.1.6." : react-native-css-parse
49 error If you need help, you may report this error at:
49 error     <https://github.com/npm/npm/issues>
50 verbose exit [ 1, true ]
